C:\USERS\JOHN\DESKTOP\LOTTO101\LOTTO101\DEBUG\MAIN.OBJ
C:\USERS\JOHN\DESKTOP\LOTTO101\LOTTO101\DEBUG\PATTERNS.OBJ
C:\USERS\JOHN\DESKTOP\LOTTO101\LOTTO101\DEBUG\VC110.PDB
C:\USERS\JOHN\DESKTOP\LOTTO101\DEBUG\LOTTO101.ILK
C:\USERS\JOHN\DESKTOP\LOTTO101\DEBUG\LOTTO101.EXE
C:\USERS\JOHN\DESKTOP\LOTTO101\DEBUG\LOTTO101.PDB
C:\Users\john\Desktop\Lotto101\Lotto101\Debug\main.obj
C:\Users\john\Desktop\Lotto101\Lotto101\Debug\patterns.obj
C:\Users\john\Desktop\Lotto101\Lotto101\Debug\cl.command.1.tlog
C:\Users\john\Desktop\Lotto101\Lotto101\Debug\CL.read.1.tlog
C:\Users\john\Desktop\Lotto101\Lotto101\Debug\CL.write.1.tlog
C:\Users\john\Desktop\Lotto101\Lotto101\Debug\link-cvtres.read.1.tlog
C:\Users\john\Desktop\Lotto101\Lotto101\Debug\link-cvtres.write.1.tlog
C:\Users\john\Desktop\Lotto101\Lotto101\Debug\link-rc.read.1.tlog
C:\Users\john\Desktop\Lotto101\Lotto101\Debug\link-rc.write.1.tlog
C:\Users\john\Desktop\Lotto101\Lotto101\Debug\link.command.1.tlog
C:\Users\john\Desktop\Lotto101\Lotto101\Debug\link.read.1.tlog
C:\Users\john\Desktop\Lotto101\Lotto101\Debug\link.write.1.tlog
C:\Users\john\Desktop\Lotto101\Lotto101\Debug\vc110.idb
C:\Users\john\Desktop\Lotto101\Lotto101\Debug\vc110.pdb
C:\Users\john\Desktop\Lotto101\Debug\Lotto101.pdb
C:\Users\john\Desktop\Lotto101\Debug\Lotto101.exe
C:\Users\john\Desktop\Lotto101\Debug\Lotto101.ilk
