C:\USERS\JOHN\DESKTOP\LOTTO\LOTTO\DEBUG\MAIN.OBJ
C:\USERS\JOHN\DESKTOP\LOTTO\LOTTO\DEBUG\VC110.PDB
C:\USERS\JOHN\DESKTOP\LOTTO\DEBUG\LOTTO.ILK
C:\USERS\JOHN\DESKTOP\LOTTO\DEBUG\LOTTO.EXE
C:\USERS\JOHN\DESKTOP\LOTTO\DEBUG\LOTTO.PDB
C:\Users\john\Desktop\Lotto\Lotto\Debug\main.obj
C:\Users\john\Desktop\Lotto\Lotto\Debug\cl.command.1.tlog
C:\Users\john\Desktop\Lotto\Lotto\Debug\CL.read.1.tlog
C:\Users\john\Desktop\Lotto\Lotto\Debug\CL.write.1.tlog
C:\Users\john\Desktop\Lotto\Lotto\Debug\link-cvtres.read.1.tlog
C:\Users\john\Desktop\Lotto\Lotto\Debug\link-cvtres.write.1.tlog
C:\Users\john\Desktop\Lotto\Lotto\Debug\link-rc.read.1.tlog
C:\Users\john\Desktop\Lotto\Lotto\Debug\link-rc.write.1.tlog
C:\Users\john\Desktop\Lotto\Lotto\Debug\link.command.1.tlog
C:\Users\john\Desktop\Lotto\Lotto\Debug\link.read.1.tlog
C:\Users\john\Desktop\Lotto\Lotto\Debug\link.write.1.tlog
C:\Users\john\Desktop\Lotto\Lotto\Debug\vc110.idb
C:\Users\john\Desktop\Lotto\Lotto\Debug\vc110.pdb
C:\Users\john\Desktop\Lotto\Debug\Lotto.pdb
C:\Users\john\Desktop\Lotto\Debug\Lotto.exe
C:\Users\john\Desktop\Lotto\Debug\Lotto.ilk
